<?xml version='1.0' encoding='UTF-8'?>
<testsuite hostname="JHC7062" name="sqlest.ast.ColumnTypeSpec" tests="2" errors="0" failures="0" time="0.004">
                <properties>
[...]
</properties>
                <testcase classname="sqlest.ast.ColumnTypeSpec" name="basic data types should have implicit ColumnTypes" time="0.003"> 
                    </testcase><testcase classname="sqlest.ast.ColumnTypeSpec" name="optional data types should have implicit ColumnTypes" time="0.001"> 
                    </testcase>
                <system-out></system-out>
                <system-err></system-err>
                </testsuite>